app/build_out/intermediates/manifest_merge_blame_file/debug/processDebugMainManifest/manifest-merger-blame-debug-report.txt
1<?xml version="1.0" encoding="utf-8"?>
2<manifest xmlns:android="http://schemas.android.com/apk/res/android"
3    package="com.example.fitnessapp"
4    android:versionCode="1"
5    android:versionName="1.0" >
6
7    <uses-sdk
8        android:minSdkVersion="26"
9        android:targetSdkVersion="34" />
10
11    <uses-permission android:name="android.permission.INTERNET" />
11-->src\main\AndroidManifest.xml:4:5-67
11-->src\main\AndroidManifest.xml:4:22-64
12    <uses-permission android:name="android.permission.ACCESS_FINE_LOCATION" />
12-->src\main\AndroidManifest.xml:5:5-79
12-->src\main\AndroidManifest.xml:5:22-76
13    <uses-permission android:name="android.permission.ACCESS_COARSE_LOCATION" />
13-->src\main\AndroidManifest.xml:6:5-81
13-->src\main\AndroidManifest.xml:6:22-78
14    <uses-permission android:name="android.permission.ACTIVITY_RECOGNITION" />
14-->src\main\AndroidManifest.xml:7:5-79
14-->src\main\AndroidManifest.xml:7:22-76
15    <uses-permission android:name="android.permission.ACCESS_BACKGROUND_LOCATION" />
15-->src\main\AndroidManifest.xml:8:5-85
15-->src\main\AndroidManifest.xml:8:22-82
16    <uses-permission android:name="android.permission.WRITE_EXTERNAL_STORAGE" />
16-->src\main\AndroidManifest.xml:9:5-81
16-->src\main\AndroidManifest.xml:9:22-78
17    <uses-permission android:name="android.permission.READ_EXTERNAL_STORAGE" />
17-->src\main\AndroidManifest.xml:10:5-80
17-->src\main\AndroidManifest.xml:10:22-77
18
19    <!-- Bluetooth permissions pentru conectarea la trainers -->
20    <uses-permission android:name="android.permission.BLUETOOTH" />
20-->src\main\AndroidManifest.xml:13:5-68
20-->src\main\AndroidManifest.xml:13:22-65
21    <uses-permission android:name="android.permission.BLUETOOTH_ADMIN" />
21-->src\main\AndroidManifest.xml:14:5-74
21-->src\main\AndroidManifest.xml:14:22-71
22    <uses-permission android:name="android.permission.BLUETOOTH_CONNECT" />
22-->src\main\AndroidManifest.xml:15:5-76
22-->src\main\AndroidManifest.xml:15:22-73
23    <uses-permission android:name="android.permission.BLUETOOTH_SCAN" />
23-->src\main\AndroidManifest.xml:16:5-73
23-->src\main\AndroidManifest.xml:16:22-70
24
25    <!-- Health Connect permissions -->
26    <uses-permission android:name="android.permission.health.READ_STEPS" />
26-->src\main\AndroidManifest.xml:19:5-76
26-->src\main\AndroidManifest.xml:19:22-73
27    <uses-permission android:name="android.permission.health.WRITE_STEPS" />
27-->src\main\AndroidManifest.xml:20:5-77
27-->src\main\AndroidManifest.xml:20:22-74
28    <uses-permission android:name="android.permission.health.READ_DISTANCE" />
28-->src\main\AndroidManifest.xml:21:5-79
28-->src\main\AndroidManifest.xml:21:22-76
29    <uses-permission android:name="android.permission.health.WRITE_DISTANCE" />
29-->src\main\AndroidManifest.xml:22:5-80
29-->src\main\AndroidManifest.xml:22:22-77
30    <uses-permission android:name="android.permission.health.READ_ACTIVE_CALORIES_BURNED" />
30-->src\main\AndroidManifest.xml:23:5-93
30-->src\main\AndroidManifest.xml:23:22-90
31    <uses-permission android:name="android.permission.health.WRITE_ACTIVE_CALORIES_BURNED" />
31-->src\main\AndroidManifest.xml:24:5-94
31-->src\main\AndroidManifest.xml:24:22-91
32    <uses-permission android:name="android.permission.health.READ_TOTAL_CALORIES_BURNED" />
32-->src\main\AndroidManifest.xml:25:5-92
32-->src\main\AndroidManifest.xml:25:22-89
33    <uses-permission android:name="android.permission.health.WRITE_TOTAL_CALORIES_BURNED" />
33-->src\main\AndroidManifest.xml:26:5-93
33-->src\main\AndroidManifest.xml:26:22-90
34    <uses-permission android:name="android.permission.health.READ_EXERCISE" />
34-->src\main\AndroidManifest.xml:27:5-79
34-->src\main\AndroidManifest.xml:27:22-76
35    <uses-permission android:name="android.permission.health.WRITE_EXERCISE" />
35-->src\main\AndroidManifest.xml:28:5-80
35-->src\main\AndroidManifest.xml:28:22-77
36    <uses-permission android:name="android.permission.health.READ_HEART_RATE" />
36-->src\main\AndroidManifest.xml:29:5-81
36-->src\main\AndroidManifest.xml:29:22-78
37    <uses-permission android:name="android.permission.health.WRITE_HEART_RATE" />
37-->src\main\AndroidManifest.xml:30:5-82
37-->src\main\AndroidManifest.xml:30:22-79
38    <!-- Add missing sleep permissions -->
39    <uses-permission android:name="android.permission.health.READ_SLEEP" />
39-->src\main\AndroidManifest.xml:32:5-76
39-->src\main\AndroidManifest.xml:32:22-73
40    <uses-permission android:name="android.permission.health.WRITE_SLEEP" />
40-->src\main\AndroidManifest.xml:33:5-77
40-->src\main\AndroidManifest.xml:33:22-74
41
42    <!-- Package visibility for Android 11+ -->
43    <queries>
43-->src\main\AndroidManifest.xml:36:5-40:15
44
45        <!-- permite verificarea instalării Health Connect -->
46        <package android:name="com.google.android.apps.healthdata" />
46-->src\main\AndroidManifest.xml:38:9-70
46-->src\main\AndroidManifest.xml:38:18-67
47        <package android:name="com.google.android.healthconnect.controller" />
47-->src\main\AndroidManifest.xml:39:9-79
47-->src\main\AndroidManifest.xml:39:18-76
48        <!-- Needs to be explicitly declared on Android R+ -->
49        <package android:name="com.google.android.apps.maps" />
49-->[com.google.android.gms:play-services-maps:18.2.0] AndroidManifest.xml:33:9-64
49-->[com.google.android.gms:play-services-maps:18.2.0] AndroidManifest.xml:33:18-61
50    </queries>
51
52    <uses-permission android:name="android.permission.ACCESS_WIFI_STATE" /> <!-- Include required permissions for Google Maps API to run. -->
52-->[com.google.android.libraries.places:places:3.3.0] AndroidManifest.xml:11:5-76
52-->[com.google.android.libraries.places:places:3.3.0] AndroidManifest.xml:11:22-73
53    <uses-permission android:name="android.permission.ACCESS_NETWORK_STATE" />
53-->[com.google.android.gms:play-services-maps:18.2.0] AndroidManifest.xml:23:5-79
53-->[com.google.android.gms:play-services-maps:18.2.0] AndroidManifest.xml:23:22-76
54
55    <uses-feature
55-->[com.google.android.gms:play-services-maps:18.2.0] AndroidManifest.xml:26:5-28:35
56        android:glEsVersion="0x00020000"
56-->[com.google.android.gms:play-services-maps:18.2.0] AndroidManifest.xml:27:9-41
57        android:required="true" />
57-->[com.google.android.gms:play-services-maps:18.2.0] AndroidManifest.xml:28:9-32
58
59    <permission
59-->[androidx.core:core:1.13.0] AndroidManifest.xml:22:5-24:47
60        android:name="com.example.fitnessapp.DYNAMIC_RECEIVER_NOT_EXPORTED_PERMISSION"
60-->[androidx.core:core:1.13.0] AndroidManifest.xml:23:9-81
61        android:protectionLevel="signature" />
61-->[androidx.core:core:1.13.0] AndroidManifest.xml:24:9-44
62
63    <uses-permission android:name="com.example.fitnessapp.DYNAMIC_RECEIVER_NOT_EXPORTED_PERMISSION" />
63-->[androidx.core:core:1.13.0] AndroidManifest.xml:26:5-97
63-->[androidx.core:core:1.13.0] AndroidManifest.xml:26:22-94
64
65    <application
66        android:allowBackup="true"
66-->src\main\AndroidManifest.xml:43:9-35
67        android:appComponentFactory="androidx.core.app.CoreComponentFactory"
67-->[androidx.core:core:1.13.0] AndroidManifest.xml:28:18-86
68        android:dataExtractionRules="@xml/data_extraction_rules"
68-->src\main\AndroidManifest.xml:44:9-65
69        android:debuggable="true"
70        android:extractNativeLibs="false"
71        android:fullBackupContent="@xml/backup_rules"
71-->src\main\AndroidManifest.xml:45:9-54
72        android:icon="@drawable/iclogo"
72-->src\main\AndroidManifest.xml:46:9-40
73        android:label="@string/app_name"
73-->src\main\AndroidManifest.xml:47:9-41
74        android:networkSecurityConfig="@xml/network_security_config"
74-->src\main\AndroidManifest.xml:51:9-69
75        android:roundIcon="@drawable/iclogo"
75-->src\main\AndroidManifest.xml:48:9-45
76        android:supportsRtl="true"
76-->src\main\AndroidManifest.xml:49:9-35
77        android:theme="@style/Theme.FitnessApp"
77-->src\main\AndroidManifest.xml:50:9-48
78        android:usesCleartextTraffic="true" >
78-->src\main\AndroidManifest.xml:52:9-56
79
80        <!-- Adaugă cheia API aici -->
81        <meta-data
81-->src\main\AndroidManifest.xml:56:9-58:71
82            android:name="com.google.android.geo.API_KEY"
82-->src\main\AndroidManifest.xml:57:13-58
83            android:value="AIzaSyCdG-W6-clMCpl_CXHJ7yD_dmJJsTmxH3Y" />
83-->src\main\AndroidManifest.xml:58:13-68
84
85        <!-- Health Connect configuration -->
86        <meta-data
86-->src\main\AndroidManifest.xml:61:9-63:60
87            android:name="health_permissions"
87-->src\main\AndroidManifest.xml:62:13-46
88            android:resource="@array/health_permissions" />
88-->src\main\AndroidManifest.xml:63:13-57
89
90        <activity
90-->src\main\AndroidManifest.xml:65:9-79:20
91            android:name="com.example.fitnessapp.MainActivity"
91-->src\main\AndroidManifest.xml:66:13-41
92            android:exported="true"
92-->src\main\AndroidManifest.xml:67:13-36
93            android:screenOrientation="portrait" >
93-->src\main\AndroidManifest.xml:68:13-49
94            <intent-filter>
94-->src\main\AndroidManifest.xml:69:13-72:29
95                <action android:name="android.intent.action.MAIN" />
95-->src\main\AndroidManifest.xml:70:17-69
95-->src\main\AndroidManifest.xml:70:25-66
96
97                <category android:name="android.intent.category.LAUNCHER" />
97-->src\main\AndroidManifest.xml:71:17-77
97-->src\main\AndroidManifest.xml:71:27-74
98            </intent-filter>
99
100            <!-- Health Connect permission request intent filter -->
101            <intent-filter>
101-->src\main\AndroidManifest.xml:75:13-78:29
102                <action android:name="androidx.health.ACTION_REQUEST_PERMISSIONS" />
102-->src\main\AndroidManifest.xml:76:17-85
102-->src\main\AndroidManifest.xml:76:25-82
103
104                <category android:name="android.intent.category.DEFAULT" />
104-->src\main\AndroidManifest.xml:77:17-76
104-->src\main\AndroidManifest.xml:77:27-73
105            </intent-filter>
106        </activity>
107        <activity
107-->src\main\AndroidManifest.xml:81:9-87:20
108            android:name="com.example.fitnessapp.activities.PermissionsRationaleActivity"
108-->src\main\AndroidManifest.xml:82:13-68
109            android:exported="true" >
109-->src\main\AndroidManifest.xml:83:13-36
110            <intent-filter>
110-->src\main\AndroidManifest.xml:84:13-86:29
111                <action android:name="androidx.health.ACTION_SHOW_PERMISSIONS_RATIONALE" />
111-->src\main\AndroidManifest.xml:85:17-92
111-->src\main\AndroidManifest.xml:85:25-89
112            </intent-filter>
113        </activity> <!-- For Android 14+ -->
114        <activity-alias
114-->src\main\AndroidManifest.xml:90:9-99:26
115            android:name="com.example.fitnessapp.ViewPermissionUsageActivity"
115-->src\main\AndroidManifest.xml:91:13-55
116            android:exported="true"
116-->src\main\AndroidManifest.xml:93:13-36
117            android:permission="android.permission.START_VIEW_PERMISSION_USAGE"
117-->src\main\AndroidManifest.xml:94:13-80
118            android:targetActivity="com.example.fitnessapp.activities.PermissionsRationaleActivity" >
118-->src\main\AndroidManifest.xml:92:13-78
119            <intent-filter>
119-->src\main\AndroidManifest.xml:95:13-98:29
120                <action android:name="android.intent.action.VIEW_PERMISSION_USAGE" />
120-->src\main\AndroidManifest.xml:96:17-86
120-->src\main\AndroidManifest.xml:96:25-83
121
122                <category android:name="android.intent.category.HEALTH_PERMISSIONS" />
122-->src\main\AndroidManifest.xml:97:17-87
122-->src\main\AndroidManifest.xml:97:27-84
123            </intent-filter>
124        </activity-alias>
125
126        <activity
126-->src\main\AndroidManifest.xml:101:9-124:20
127            android:name="com.example.fitnessapp.StravaCallbackActivity"
127-->src\main\AndroidManifest.xml:102:13-51
128            android:exported="true" >
128-->src\main\AndroidManifest.xml:103:13-36
129
130            <!-- Intent filter for HTTP scheme (NO autoVerify for localhost) -->
131            <intent-filter>
131-->src\main\AndroidManifest.xml:105:13-113:29
132                <action android:name="android.intent.action.VIEW" />
132-->src\main\AndroidManifest.xml:106:17-69
132-->src\main\AndroidManifest.xml:106:25-66
133
134                <category android:name="android.intent.category.DEFAULT" />
134-->src\main\AndroidManifest.xml:77:17-76
134-->src\main\AndroidManifest.xml:77:27-73
135                <category android:name="android.intent.category.BROWSABLE" />
135-->src\main\AndroidManifest.xml:108:17-78
135-->src\main\AndroidManifest.xml:108:27-75
136
137                <data
137-->src\main\AndroidManifest.xml:109:17-112:61
138                    android:host="fitnessapp-production-60ee.up.railway.app"
138-->src\main\AndroidManifest.xml:111:21-77
139                    android:pathPrefix="/strava/callback"
139-->src\main\AndroidManifest.xml:112:21-58
140                    android:scheme="https" />
140-->src\main\AndroidManifest.xml:110:21-43
141            </intent-filter>
142            <!-- Intent filter for custom scheme -->
143            <intent-filter>
143-->src\main\AndroidManifest.xml:115:13-123:29
144                <action android:name="android.intent.action.VIEW" />
144-->src\main\AndroidManifest.xml:106:17-69
144-->src\main\AndroidManifest.xml:106:25-66
145
146                <category android:name="android.intent.category.DEFAULT" />
146-->src\main\AndroidManifest.xml:77:17-76
146-->src\main\AndroidManifest.xml:77:27-73
147                <category android:name="android.intent.category.BROWSABLE" />
147-->src\main\AndroidManifest.xml:108:17-78
147-->src\main\AndroidManifest.xml:108:27-75
148
149                <data
149-->src\main\AndroidManifest.xml:109:17-112:61
150                    android:host="strava"
150-->src\main\AndroidManifest.xml:111:21-77
151                    android:pathPrefix="/callback"
151-->src\main\AndroidManifest.xml:112:21-58
152                    android:scheme="fitnessapp" />
152-->src\main\AndroidManifest.xml:110:21-43
153            </intent-filter>
154        </activity>
155        <activity
155-->[com.google.android.libraries.places:places:3.3.0] AndroidManifest.xml:15:9-21:20
156            android:name="com.google.android.libraries.places.widget.AutocompleteActivity"
156-->[com.google.android.libraries.places:places:3.3.0] AndroidManifest.xml:16:13-91
157            android:exported="false"
157-->[com.google.android.libraries.places:places:3.3.0] AndroidManifest.xml:17:13-37
158            android:label="@string/places_autocomplete_label"
158-->[com.google.android.libraries.places:places:3.3.0] AndroidManifest.xml:18:13-62
159            android:theme="@style/PlacesAutocompleteOverlay"
159-->[com.google.android.libraries.places:places:3.3.0] AndroidManifest.xml:19:13-61
160            android:windowSoftInputMode="adjustResize" >
160-->[com.google.android.libraries.places:places:3.3.0] AndroidManifest.xml:20:13-55
161        </activity>
162
163        <service
163-->[androidx.health.connect:connect-client:1.1.0-rc02] AndroidManifest.xml:24:9-32:19
164            android:name="androidx.health.platform.client.impl.sdkservice.HealthDataSdkService"
164-->[androidx.health.connect:connect-client:1.1.0-rc02] AndroidManifest.xml:25:13-96
165            android:enabled="true"
165-->[androidx.health.connect:connect-client:1.1.0-rc02] AndroidManifest.xml:26:13-35
166            android:exported="true" >
166-->[androidx.health.connect:connect-client:1.1.0-rc02] AndroidManifest.xml:27:13-36
167            <intent-filter>
167-->[androidx.health.connect:connect-client:1.1.0-rc02] AndroidManifest.xml:29:13-31:29
168                <action android:name="androidx.health.platform.client.ACTION_BIND_SDK_SERVICE" />
168-->[androidx.health.connect:connect-client:1.1.0-rc02] AndroidManifest.xml:30:17-98
168-->[androidx.health.connect:connect-client:1.1.0-rc02] AndroidManifest.xml:30:25-95
169            </intent-filter>
170        </service>
171
172        <activity
172-->[androidx.compose.ui:ui-tooling-android:1.6.1] AndroidManifest.xml:23:9-25:39
173            android:name="androidx.compose.ui.tooling.PreviewActivity"
173-->[androidx.compose.ui:ui-tooling-android:1.6.1] AndroidManifest.xml:24:13-71
174            android:exported="true" />
174-->[androidx.compose.ui:ui-tooling-android:1.6.1] AndroidManifest.xml:25:13-36
175        <activity
175-->[androidx.compose.ui:ui-test-manifest:1.6.1] AndroidManifest.xml:23:9-25:39
176            android:name="androidx.activity.ComponentActivity"
176-->[androidx.compose.ui:ui-test-manifest:1.6.1] AndroidManifest.xml:24:13-63
177            android:exported="true" /> <!-- Needs to be explicitly declared on P+ -->
177-->[androidx.compose.ui:ui-test-manifest:1.6.1] AndroidManifest.xml:25:13-36
178        <uses-library
178-->[com.google.android.gms:play-services-maps:18.2.0] AndroidManifest.xml:39:9-41:40
179            android:name="org.apache.http.legacy"
179-->[com.google.android.gms:play-services-maps:18.2.0] AndroidManifest.xml:40:13-50
180            android:required="false" />
180-->[com.google.android.gms:play-services-maps:18.2.0] AndroidManifest.xml:41:13-37
181
182        <activity
182-->[com.google.android.gms:play-services-auth:20.7.0] AndroidManifest.xml:23:9-27:75
183            android:name="com.google.android.gms.auth.api.signin.internal.SignInHubActivity"
183-->[com.google.android.gms:play-services-auth:20.7.0] AndroidManifest.xml:24:13-93
184            android:excludeFromRecents="true"
184-->[com.google.android.gms:play-services-auth:20.7.0] AndroidManifest.xml:25:13-46
185            android:exported="false"
185-->[com.google.android.gms:play-services-auth:20.7.0] AndroidManifest.xml:26:13-37
186            android:theme="@android:style/Theme.Translucent.NoTitleBar" />
186-->[com.google.android.gms:play-services-auth:20.7.0] AndroidManifest.xml:27:13-72
187        <!--
188            Service handling Google Sign-In user revocation. For apps that do not integrate with
189            Google Sign-In, this service will never be started.
190        -->
191        <service
191-->[com.google.android.gms:play-services-auth:20.7.0] AndroidManifest.xml:33:9-37:51
192            android:name="com.google.android.gms.auth.api.signin.RevocationBoundService"
192-->[com.google.android.gms:play-services-auth:20.7.0] AndroidManifest.xml:34:13-89
193            android:exported="true"
193-->[com.google.android.gms:play-services-auth:20.7.0] AndroidManifest.xml:35:13-36
194            android:permission="com.google.android.gms.auth.api.signin.permission.REVOCATION_NOTIFICATION"
194-->[com.google.android.gms:play-services-auth:20.7.0] AndroidManifest.xml:36:13-107
195            android:visibleToInstantApps="true" />
195-->[com.google.android.gms:play-services-auth:20.7.0] AndroidManifest.xml:37:13-48
196
197        <meta-data
197-->[com.google.android.gms:play-services-fitness:21.1.0] AndroidManifest.xml:23:9-25:38
198            android:name="com.google.gms.fitness.sdk.version"
198-->[com.google.android.gms:play-services-fitness:21.1.0] AndroidManifest.xml:24:13-62
199            android:value="21.1.0" />
199-->[com.google.android.gms:play-services-fitness:21.1.0] AndroidManifest.xml:25:13-35
200
201        <activity
201-->[com.google.android.gms:play-services-base:18.1.0] AndroidManifest.xml:20:9-22:45
202            android:name="com.google.android.gms.common.api.GoogleApiActivity"
202-->[com.google.android.gms:play-services-base:18.1.0] AndroidManifest.xml:20:19-85
203            android:exported="false"
203-->[com.google.android.gms:play-services-base:18.1.0] AndroidManifest.xml:22:19-43
204            android:theme="@android:style/Theme.Translucent.NoTitleBar" />
204-->[com.google.android.gms:play-services-base:18.1.0] AndroidManifest.xml:21:19-78
205
206        <provider
206-->[androidx.emoji2:emoji2:1.3.0] AndroidManifest.xml:24:9-32:20
207            android:name="androidx.startup.InitializationProvider"
207-->[androidx.emoji2:emoji2:1.3.0] AndroidManifest.xml:25:13-67
208            android:authorities="com.example.fitnessapp.androidx-startup"
208-->[androidx.emoji2:emoji2:1.3.0] AndroidManifest.xml:26:13-68
209            android:exported="false" >
209-->[androidx.emoji2:emoji2:1.3.0] AndroidManifest.xml:27:13-37
210            <meta-data
210-->[androidx.emoji2:emoji2:1.3.0] AndroidManifest.xml:29:13-31:52
211                android:name="androidx.emoji2.text.EmojiCompatInitializer"
211-->[androidx.emoji2:emoji2:1.3.0] AndroidManifest.xml:30:17-75
212                android:value="androidx.startup" />
212-->[androidx.emoji2:emoji2:1.3.0] AndroidManifest.xml:31:17-49
213            <meta-data
213-->[androidx.lifecycle:lifecycle-process:2.7.0] AndroidManifest.xml:29:13-31:52
214                android:name="androidx.lifecycle.ProcessLifecycleInitializer"
214-->[androidx.lifecycle:lifecycle-process:2.7.0] AndroidManifest.xml:30:17-78
215                android:value="androidx.startup" />
215-->[androidx.lifecycle:lifecycle-process:2.7.0] AndroidManifest.xml:31:17-49
216            <meta-data
216-->[androidx.profileinstaller:profileinstaller:1.3.1] AndroidManifest.xml:29:13-31:52
217                android:name="androidx.profileinstaller.ProfileInstallerInitializer"
217-->[androidx.profileinstaller:profileinstaller:1.3.1] AndroidManifest.xml:30:17-85
218                android:value="androidx.startup" />
218-->[androidx.profileinstaller:profileinstaller:1.3.1] AndroidManifest.xml:31:17-49
219        </provider>
220
221        <meta-data
221-->[com.google.android.gms:play-services-basement:18.2.0] AndroidManifest.xml:21:9-23:69
222            android:name="com.google.android.gms.version"
222-->[com.google.android.gms:play-services-basement:18.2.0] AndroidManifest.xml:22:13-58
223            android:value="@integer/google_play_services_version" />
223-->[com.google.android.gms:play-services-basement:18.2.0] AndroidManifest.xml:23:13-66
224
225        <receiver
225-->[androidx.profileinstaller:profileinstaller:1.3.1] AndroidManifest.xml:34:9-52:20
226            android:name="androidx.profileinstaller.ProfileInstallReceiver"
226-->[androidx.profileinstaller:profileinstaller:1.3.1] AndroidManifest.xml:35:13-76
227            android:directBootAware="false"
227-->[androidx.profileinstaller:profileinstaller:1.3.1] AndroidManifest.xml:36:13-44
228            android:enabled="true"
228-->[androidx.profileinstaller:profileinstaller:1.3.1] AndroidManifest.xml:37:13-35
229            android:exported="true"
229-->[androidx.profileinstaller:profileinstaller:1.3.1] AndroidManifest.xml:38:13-36
230            android:permission="android.permission.DUMP" >
230-->[androidx.profileinstaller:profileinstaller:1.3.1] AndroidManifest.xml:39:13-57
231            <intent-filter>
231-->[androidx.profileinstaller:profileinstaller:1.3.1] AndroidManifest.xml:40:13-42:29
232                <action android:name="androidx.profileinstaller.action.INSTALL_PROFILE" />
232-->[androidx.profileinstaller:profileinstaller:1.3.1] AndroidManifest.xml:41:17-91
232-->[androidx.profileinstaller:profileinstaller:1.3.1] AndroidManifest.xml:41:25-88
233            </intent-filter>
234            <intent-filter>
234-->[androidx.profileinstaller:profileinstaller:1.3.1] AndroidManifest.xml:43:13-45:29
235                <action android:name="androidx.profileinstaller.action.SKIP_FILE" />
235-->[androidx.profileinstaller:profileinstaller:1.3.1] AndroidManifest.xml:44:17-85
235-->[androidx.profileinstaller:profileinstaller:1.3.1] AndroidManifest.xml:44:25-82
236            </intent-filter>
237            <intent-filter>
237-->[androidx.profileinstaller:profileinstaller:1.3.1] AndroidManifest.xml:46:13-48:29
238                <action android:name="androidx.profileinstaller.action.SAVE_PROFILE" />
238-->[androidx.profileinstaller:profileinstaller:1.3.1] AndroidManifest.xml:47:17-88
238-->[androidx.profileinstaller:profileinstaller:1.3.1] AndroidManifest.xml:47:25-85
239            </intent-filter>
240            <intent-filter>
240-->[androidx.profileinstaller:profileinstaller:1.3.1] AndroidManifest.xml:49:13-51:29
241                <action android:name="androidx.profileinstaller.action.BENCHMARK_OPERATION" />
241-->[androidx.profileinstaller:profileinstaller:1.3.1] AndroidManifest.xml:50:17-95
241-->[androidx.profileinstaller:profileinstaller:1.3.1] AndroidManifest.xml:50:25-92
242            </intent-filter>
243        </receiver>
244
245        <service
245-->[com.google.android.datatransport:transport-backend-cct:2.3.0] AndroidManifest.xml:29:9-35:19
246            android:name="com.google.android.datatransport.runtime.backends.TransportBackendDiscovery"
246-->[com.google.android.datatransport:transport-backend-cct:2.3.0] AndroidManifest.xml:30:13-103
247            android:exported="false" >
247-->[com.google.android.datatransport:transport-backend-cct:2.3.0] AndroidManifest.xml:31:13-37
248            <meta-data
248-->[com.google.android.datatransport:transport-backend-cct:2.3.0] AndroidManifest.xml:32:13-34:39
249                android:name="backend:com.google.android.datatransport.cct.CctBackendFactory"
249-->[com.google.android.datatransport:transport-backend-cct:2.3.0] AndroidManifest.xml:33:17-94
250                android:value="cct" />
250-->[com.google.android.datatransport:transport-backend-cct:2.3.0] AndroidManifest.xml:34:17-36
251        </service>
252        <service
252-->[com.google.android.datatransport:transport-runtime:2.2.3] AndroidManifest.xml:26:9-30:19
253            android:name="com.google.android.datatransport.runtime.scheduling.jobscheduling.JobInfoSchedulerService"
253-->[com.google.android.datatransport:transport-runtime:2.2.3] AndroidManifest.xml:27:13-117
254            android:exported="false"
254-->[com.google.android.datatransport:transport-runtime:2.2.3] AndroidManifest.xml:28:13-37
255            android:permission="android.permission.BIND_JOB_SERVICE" >
255-->[com.google.android.datatransport:transport-runtime:2.2.3] AndroidManifest.xml:29:13-69
256        </service>
257
258        <receiver
258-->[com.google.android.datatransport:transport-runtime:2.2.3] AndroidManifest.xml:32:9-34:40
259            android:name="com.google.android.datatransport.runtime.scheduling.jobscheduling.AlarmManagerSchedulerBroadcastReceiver"
259-->[com.google.android.datatransport:transport-runtime:2.2.3] AndroidManifest.xml:33:13-132
260            android:exported="false" />
260-->[com.google.android.datatransport:transport-runtime:2.2.3] AndroidManifest.xml:34:13-37
261    </application>
262
263</manifest>